C51 COMPILER V9.01   MAIN                                                                  05/11/2021 19:19:42 PAGE 1   


C51 COMPILER V9.01, COMPILATION OF MODULE MAIN
OBJECT MODULE PLACED IN main.OBJ
COMPILER INVOKED BY: C:\Keil\C51\BIN\C51.EXE main.c BROWSE DEBUG OBJECTEXTEND

line level    source

   1          #include <reg52.h>
   2          #include "51FunctionLibrary.h"
   3          sbit LED1 = P2^0;
   4          int main(void){ //Ö÷º¯Êý
   5   1        while(1){
   6   2          LED1 = 0; 
   7   2          delay(50000); 
   8   2          LED1 = 1; 
   9   2          delay(50000); 
  10   2              LED1 = 0;
  11   2              delayms(450,11);
  12   2              LED1 = 1;
  13   2              delayms(450,11);
  14   2        }
  15   1      }


MODULE INFORMATION:   STATIC OVERLAYABLE
   CODE SIZE        =     78    ----
   CONSTANT SIZE    =   ----    ----
   XDATA SIZE       =   ----    ----
   PDATA SIZE       =   ----    ----
   DATA SIZE        =   ----    ----
   IDATA SIZE       =   ----    ----
   BIT SIZE         =   ----    ----
END OF MODULE INFORMATION.


C51 COMPILATION COMPLETE.  0 WARNING(S),  0 ERROR(S)
