C51 COMPILER V9.01   MAIN                                                                  05/05/2021 17:45:00 PAGE 1   


C51 COMPILER V9.01, COMPILATION OF MODULE MAIN
OBJECT MODULE PLACED IN main.OBJ
COMPILER INVOKED BY: C:\Keil\C51\BIN\C51.EXE main.c BROWSE DEBUG OBJECTEXTEND

line level    source

   1          #include <reg52.h>
   2          typedef unsigned char u8; //代表8位正数
   3          typedef unsigned int u16; //代表16位正数
   4          #define GPIO_DIG P0 //宏定义数码管端口
   5          sbit beep = P1^5; //定义制蜂鸣器
   6          sbit SLA = P2^2;
   7          sbit SLB = P2^3;
   8          sbit SLC = P2^4; //定义译码管ABC三个输入
   9          sbit K3 = P3^2;
  10          sbit K4 = P3^3;
  11          u8 code SMG[]={ //在ROM中存储数码管段码的数组
  12            0x3f,0x06,0x5b,0x4f,
  13            0x66,0x6d,0x7d,0x07,
  14            0x7f,0x6f,0x77,0x7c,
  15            0x39,0x5e,0x79,0x71,
  16          };
  17          
  18          void delay(u16 time); //延时函数
  19          void DigDisplay(long num); //动态数码管显示函数
  20          
  21          long count = 0;
  22          int main(void){ //主函数
  23   1        IE = 0x85;
  24   1        IT0 = 1;
  25   1        IT1 = 1;
  26   1        while(1){
  27   2          DigDisplay(count);
  28   2        }
  29   1      }
  30          
  31          void EX_INTO() interrupt 0
  32          {delay(100);
  33   1      if(K3 == 0)count++;}
  34          
  35          void EX_INT1() interrupt 2
  36          {delay(100);
  37   1      if(K4 == 0)count--;}
  38          
  39          void delay(u16 time){ //延时函数
  40   1        while(time--);
  41   1      }
  42          void DigDisplay(long num){ //动态数码管显示函数
  43   1        long LED = 10; //LED是要显示的数码管的位数，同时作为除数求num长度
  44   1        u8 numlong = 1; //数字长度
  45   1        if(num > 99999999){ //数字超长则触发蜂鸣器警报
  46   2        while(1){beep = ~beep;delay(100);}}
  47   1        while(num / LED){ //求数字长度
  48   2          LED *= 10;
  49   2          numlong ++;} 
  50   1        for(LED = 8; LED > 8 - numlong; LED--){ //每次扫描循环执行8次
  51   2          //为了让高于输入数字位数的数码管不显示，因此我们要将数字长度带入循环，使得刷新完输入数字所在位数即停止
             -，那么未扫描到的数码管就会不显示数字
  52   2          switch(LED){
  53   3              case(1): SLA = 1;SLB = 1;SLC = 1;break;
  54   3              //要显示第1位也就是要让如图LED8输出为0低电平，以下以此类推
C51 COMPILER V9.01   MAIN                                                                  05/05/2021 17:45:00 PAGE 2   

  55   3              case(2): SLA = 0;SLB = 1;SLC = 1;break;
  56   3              case(3): SLA = 1;SLB = 0;SLC = 1;break;
  57   3              case(4): SLA = 0;SLB = 0;SLC = 1;break;
  58   3              case(5): SLA = 1;SLB = 1;SLC = 0;break;
  59   3              case(6): SLA = 0;SLB = 1;SLC = 0;break;
  60   3              case(7): SLA = 1;SLB = 0;SLC = 0;break;
  61   3              case(8): SLA = 0;SLB = 0;SLC = 0;break;
  62   3          }
  63   2          GPIO_DIG = SMG[num % 10]; //第几个数码管显示数字几
  64   2          num /= 10; //数字减位
  65   2          delay(100); //间隔一段时间扫描
  66   2          GPIO_DIG = 0x00; //消隐
  67   2        }
  68   1      }


MODULE INFORMATION:   STATIC OVERLAYABLE
   CODE SIZE        =    551    ----
   CONSTANT SIZE    =     16    ----
   XDATA SIZE       =   ----    ----
   PDATA SIZE       =   ----    ----
   DATA SIZE        =      4       9
   IDATA SIZE       =   ----    ----
   BIT SIZE         =   ----    ----
END OF MODULE INFORMATION.


C51 COMPILATION COMPLETE.  0 WARNING(S),  0 ERROR(S)
